0 building with "default" instance using docker driver

1 [internal] load build definition from Dockerfile
1 transferring dockerfile: 7.45kB done
1 WARN: FromAsCasing: 'as' and 'FROM' keywords' casing do not match (line 1)
1 DONE 0.0s

2 [internal] load metadata for docker.io/library/alpine:3.20
2 DONE 1.9s

3 [internal] load .dockerignore
3 transferring context: 2B done
3 DONE 0.0s

4 [1/2] FROM docker.io/library/alpine:3.20@sha256:beefdbd8a1da6d2915566fde36db9db0b524eb737fc57cd1367effd16dc0d06d
4 resolve docker.io/library/alpine:3.20@sha256:beefdbd8a1da6d2915566fde36db9db0b524eb737fc57cd1367effd16dc0d06d 0.0s done
4 sha256:beefdbd8a1da6d2915566fde36db9db0b524eb737fc57cd1367effd16dc0d06d 1.85kB / 1.85kB done
4 sha256:33735bd63cf84d7e388d9f6d297d348c523c044410f553bd878c6d7829612735 528B / 528B done
4 sha256:91ef0af61f39ece4d6710e465df5ed6ca12112358344fd51ae6a3b886634148b 1.47kB / 1.47kB done
4 DONE 0.0s

5 [2/2] RUN <<EOT (LIBERICA_ARCH=''...)
5 0.172 fetch https://dl-cdn.alpinelinux.org/alpine/v3.20/main/x86_64/APKINDEX.tar.gz
5 1.038 fetch https://dl-cdn.alpinelinux.org/alpine/v3.20/community/x86_64/APKINDEX.tar.gz
5 1.586 OK: 8 MiB in 14 packages
5 1.666 + uname -m
5 1.667 + LIBERICA_ARCH=x64
5 1.667 + RSUFFIX=-lite
5 1.667 + LITE_URL=/docker
5 1.667 + '[[' lite '==' standard '||' lite '==' lite ]]
5 1.667 + 
5 1.667 echo
5 1.667 + LIBSUFFIX=
5 1.667 + '[' no '=' no ]
5 1.667 + LIBSUFFIX=-musl
5 1.667 + mkdir -p /tmp/java
5 1.668 + LIBERICA_BUILD_STR=+11
5 1.668 + DIST_URL=https://download.bell-sw.com/java//22.0.2+11/docker
5 1.668 + PKG=bellsoft-jdk22.0.2+11-linux-x64-musl-lite.tar.gz
5 1.668 + PKG_URL=https://download.bell-sw.com/java//22.0.2+11/docker/bellsoft-jdk22.0.2+11-linux-x64-musl-lite.tar.gz
5 1.668 + echo 'Download https://download.bell-sw.com/java//22.0.2+11/docker/bellsoft-jdk22.0.2+11-linux-x64-musl-lite.tar.gz'
5 1.668 Download https://download.bell-sw.com/java//22.0.2+11/docker/bellsoft-jdk22.0.2+11-linux-x64-musl-lite.tar.gz
5 1.669 + wget https://download.bell-sw.com/java//22.0.2+11/docker/bellsoft-jdk22.0.2+11-linux-x64-musl-lite.tar.gz -O /tmp/java/jdk.tar.gz
5 1.753 Connecting to download.bell-sw.com (104.18.0.179:443)
5 2.159 saving to '/tmp/java/jdk.tar.gz'
5 3.179 jdk.tar.gz             6% |**                              | 14.5M  0:00:13 ETA
5 4.099 jdk.tar.gz            19% |******                          | 41.5M  0:00:08 ETA
5 5.098 jdk.tar.gz            30% |*********                       | 64.9M  0:00:06 ETA
5 6.115 jdk.tar.gz            44% |**************                  | 95.2M  0:00:04 ETA
5 7.894 jdk.tar.gz            55% |*****************               |  118M  0:00:03 ETA
5 8.928 jdk.tar.gz            69% |**********************          |  148M  0:00:02 ETA
5 9.850 jdk.tar.gz            81% |**************************      |  174M  0:00:01 ETA
5 10.84 jdk.tar.gz            91% |*****************************   |  195M  0:00:00 ETA
5 11.39 jdk.tar.gz           100% |********************************|  212M  0:00:00 ETA
5 11.39 '/tmp/java/jdk.tar.gz' saved
5 11.39 + SHA_URL=https://download.bell-sw.com/java//22.0.2+11/docker/sha1sum.txt
5 11.39 + '[' lite '==' standard ]
5 11.39 + wget -q https://download.bell-sw.com/java//22.0.2+11/docker/sha1sum.txt -O -
5 11.39 + grep bellsoft-jdk22.0.2+11-linux-x64-musl-lite.tar.gz
5 11.39 + grep -v json
5 11.39 + cut -f1 '-d '
5 11.84 + SHA1=9185d85850b2158a0ba23b9b00ab58ffc183ef04
5 11.84 + echo '9185d85850b2158a0ba23b9b00ab58ffc183ef04 */tmp/java/jdk.tar.gz'
5 11.84 + sha1sum -c -
5 12.64 /tmp/java/jdk.tar.gz: OK
5 12.64 + tar xzf /tmp/java/jdk.tar.gz -C /tmp/java
5 17.69 + UNPACKED_ROOT='/tmp/java/jdk-22.0.2*'
5 17.69 + ls /tmp/java/jdk-22.0.2/jmods/
5 17.69 + sed s/.jmod//
5 17.69 + grep -v javafx
5 17.69 + tr '\n' ', '
5 17.69 + sed 's/,$//'
5 17.69 + MODS=java.base,java.compiler,java.datatransfer,java.desktop,java.instrument,java.logging,java.management,java.management.rmi,java.naming,java.net.http,java.prefs,java.rmi,java.scripting,java.se,java.security.jgss,java.security.sasl,java.smartcardio,java.sql,java.sql.rowset,java.transaction.xa,java.xml.crypto,java.xml,jdk.accessibility,jdk.attach,jdk.charsets,jdk.compiler,jdk.crypto.cryptoki,jdk.crypto.ec,jdk.dynalink,jdk.editpad,jdk.graal.compiler,jdk.graal.compiler.management,jdk.hotspot.agent,jdk.httpserver,jdk.incubator.vector,jdk.internal.ed,jdk.internal.jvmstat,jdk.internal.le,jdk.internal.opt,jdk.internal.vm.ci,jdk.jartool,jdk.javadoc,jdk.jcmd,jdk.jconsole,jdk.jdeps,jdk.jdi,jdk.jdwp.agent,jdk.jfr,jdk.jlink,jdk.jpackage,jdk.jshell,jdk.jsobject,jdk.jstatd,jdk.localedata,jdk.management.agent,jdk.management.jfr,jdk.management,jdk.naming.dns,jdk.naming.rmi,jdk.net,jdk.nio.mapmode,jdk.random,jdk.sctp,jdk.security.auth,jdk.security.jgss,jdk.unsupported.desktop,jdk.unsupported,jdk.xml.dom,jdk.zipfs
5 17.69 + apk --no-cache add binutils
5 17.70 fetch https://dl-cdn.alpinelinux.org/alpine/v3.20/main/x86_64/APKINDEX.tar.gz
5 18.62 fetch https://dl-cdn.alpinelinux.org/alpine/v3.20/community/x86_64/APKINDEX.tar.gz
5 19.18 (1/5) Installing libgcc (13.2.1_git20240309-r0)
5 19.29 (2/5) Installing jansson (2.14-r4)
5 19.39 (3/5) Installing libstdc++ (13.2.1_git20240309-r0)
5 19.53 (4/5) Installing zstd-libs (1.5.6-r0)
5 19.66 (5/5) Installing binutils (2.42-r0)
5 20.05 Executing busybox-1.36.1-r29.trigger
5 20.06 OK: 21 MiB in 19 packages
5 20.16 + mkdir -pv /usr/lib/jvm
5 20.16 created directory: '/usr/lib/jvm'
5 20.16 + /tmp/java/jdk-22.0.2/bin/jlink --add-modules java.base,java.compiler,java.datatransfer,java.desktop,java.instrument,java.logging,java.management,java.management.rmi,java.naming,java.net.http,java.prefs,java.rmi,java.scripting,java.se,java.security.jgss,java.security.sasl,java.smartcardio,java.sql,java.sql.rowset,java.transaction.xa,java.xml.crypto,java.xml,jdk.accessibility,jdk.attach,jdk.charsets,jdk.compiler,jdk.crypto.cryptoki,jdk.crypto.ec,jdk.dynalink,jdk.editpad,jdk.graal.compiler,jdk.graal.compiler.management,jdk.hotspot.agent,jdk.httpserver,jdk.incubator.vector,jdk.internal.ed,jdk.internal.jvmstat,jdk.internal.le,jdk.internal.opt,jdk.internal.vm.ci,jdk.jartool,jdk.javadoc,jdk.jcmd,jdk.jconsole,jdk.jdeps,jdk.jdi,jdk.jdwp.agent,jdk.jfr,jdk.jlink,jdk.jpackage,jdk.jshell,jdk.jsobject,jdk.jstatd,jdk.localedata,jdk.management.agent,jdk.management.jfr,jdk.management,jdk.naming.dns,jdk.naming.rmi,jdk.net,jdk.nio.mapmode,jdk.random,jdk.sctp,jdk.security.auth,jdk.security.jgss,jdk.unsupported.desktop,jdk.unsupported,jdk.xml.dom,jdk.zipfs '--compress=zip-9' --no-man-pages --module-path /tmp/java/jdk-22.0.2/jmods '--vm=server' --release-info /tmp/java/jdk-22.0.2/release --output /usr/lib/jvm/jdk-22.0.2-bellsoft
5 22.50 WARNING: Using incubator modules: jdk.incubator.vector
5 41.28 + apk del binutils
5 41.29 WARNING: opening from cache https://dl-cdn.alpinelinux.org/alpine/v3.20/main: No such file or directory
5 41.29 WARNING: opening from cache https://dl-cdn.alpinelinux.org/alpine/v3.20/community: No such file or directory
5 41.29 (1/5) Purging binutils (2.42-r0)
5 41.29 (2/5) Purging jansson (2.14-r4)
5 41.29 (3/5) Purging libstdc++ (13.2.1_git20240309-r0)
5 41.29 (4/5) Purging zstd-libs (1.5.6-r0)
5 41.29 (5/5) Purging libgcc (13.2.1_git20240309-r0)
5 41.29 Executing busybox-1.36.1-r29.trigger
5 41.29 OK: 8 MiB in 14 packages
5 41.30 + ln -s /usr/lib/jvm/jdk-22.0.2-bellsoft /usr/lib/jvm/jdk
5 41.30 + '[' false '=' true ]
5 41.30 + find /usr/lib/jvm/jdk-22.0.2-bellsoft -name 'classes*.jsa' -exec rm '{}' ';'
5 41.30 + rm -rf /tmp/java
5 41.41 + rm -rf /tmp/hsperfdata_root
5 DONE 42.2s

6 exporting to image
6 exporting layers
6 exporting layers 1.5s done
6 writing image sha256:df5c7c28a9b65879961c2322181b3f854cb4f82ed8d84c4cd200c80c845ce3e5 done
6 naming to docker.io/library/heredoc done
6 DONE 1.5s
